<?xml version="1.0" encoding="UTF-8"?>
<!-- Generated by org.testng.reporters.JUnitReportReporter -->
<testsuite hostname="LAPTOP-GNM6GJCG" failures="0" tests="1" name="testcases.UserEndToEndTest" time="43.315" errors="0" timestamp="2022-08-21T18:00:37 ICT" skipped="0">
  <testcase classname="testcases.UserEndToEndTest" name="ParameterizedTest" time="43.315"/>
  <system-out/>
</testsuite> <!-- testcases.UserEndToEndTest -->
