<?xml version="1.0" encoding="UTF-8"?>
<!-- Generated by org.testng.reporters.JUnitReportReporter -->
<testsuite hostname="LAPTOP-GNM6GJCG" failures="0" tests="1" name="testcases.NewUserTest" time="26.009" errors="0" timestamp="2022-08-21T18:00:37 ICT" skipped="0">
  <testcase classname="testcases.NewUserTest" name="ParameterizedTest" time="26.009"/>
  <system-out/>
</testsuite> <!-- testcases.NewUserTest -->
