<?xml version="1.0" encoding="UTF-8"?>
<!-- Generated by org.testng.reporters.JUnitReportReporter -->
<testsuite hostname="LAPTOP-GNM6GJCG" failures="0" tests="1" name="testcases.LoginTestMaven" time="37.995" errors="0" timestamp="2022-08-18T17:13:56 ICT" skipped="0">
  <testcase classname="testcases.LoginTestMaven" name="ParameterizedTest" time="37.995"/>
  <system-out/>
</testsuite> <!-- testcases.LoginTestMaven -->
