<?xml version="1.0" encoding="UTF-8"?>
<!-- Generated by org.testng.reporters.JUnitReportReporter -->
<testsuite hostname="LAPTOP-GNM6GJCG" failures="0" tests="1" name="testcases.AdminAddCategoryTest" time="12.771" errors="0" timestamp="2022-08-21T18:00:37 ICT" skipped="0">
  <testcase classname="testcases.AdminAddCategoryTest" name="ParameterizedTest" time="12.771"/>
  <system-out/>
</testsuite> <!-- testcases.AdminAddCategoryTest -->
