<?xml version="1.0" encoding="UTF-8"?>
<!-- Generated by org.testng.reporters.JUnitReportReporter -->
<testsuite hostname="LAPTOP-GNM6GJCG" failures="0" tests="4" name="restAPI.GetRequests" time="2.396" errors="0" timestamp="2022-08-21T18:00:37 ICT" skipped="0">
  <testcase classname="restAPI.GetRequests" name="testAllAntipyretics" time="2.268"/>
  <system-out/>
  <testcase classname="restAPI.GetRequests" name="testAllProducts" time="0.050"/>
  <system-out/>
  <testcase classname="restAPI.GetRequests" name="testMostViewedProducts" time="0.040"/>
  <system-out/>
  <testcase classname="restAPI.GetRequests" name="testMostPurchasedProducts" time="0.038"/>
  <system-out/>
</testsuite> <!-- restAPI.GetRequests -->
